Using pre-set license
Built from '2020.2/staging' branch; Version is '2020.2.6f1 (8a2143876886) revision 9052483'; Using compiler version '192528614'; Build Type 'Release'
OS: 'Windows 10 Pro; OS build 19043.1081; Version 2009; 64bit' Language: 'en' Physical Memory: 16316 MB
BatchMode: 1, IsHumanControllingUs: 0, StartBugReporterOnCrash: 0, Is64bit: 1, IsPro: 0

 COMMAND LINE ARGUMENTS:
D:\Unity Install\2020.2.6f1\Editor\Unity.exe
-adb2
-batchMode
-noUpm
-name
AssetImportWorker0
-projectPath
E:/GitHub/Connect Dots Game
-logFile
Logs/AssetImportWorker0.log
-srvPort
55901
Successfully changed project path to: E:/GitHub/Connect Dots Game
E:/GitHub/Connect Dots Game
Using Asset Import Pipeline V2.
Refreshing native plugins compatible for Editor in 32.10 ms, found 1 plugins.
Preloading 0 native plugins for Editor in 0.00 ms.
Initialize engine version: 2020.2.6f1 (8a2143876886)
[Subsystems] Discovering subsystems at path D:/Unity Install/2020.2.6f1/Editor/Data/Resources/UnitySubsystems
[Subsystems] Discovering subsystems at path E:/GitHub/Connect Dots Game/Assets
GfxDevice: creating device client; threaded=0
Direct3D:
    Version:  Direct3D 11.0 [level 11.1]
    Renderer: NVIDIA GeForce RTX 2070 SUPER (ID=0x1e84)
    Vendor:   
    VRAM:     8011 MB
    Driver:   30.0.14.7111
Initialize mono
Mono path[0] = 'D:/Unity Install/2020.2.6f1/Editor/Data/Managed'
Mono path[1] = 'D:/Unity Install/2020.2.6f1/Editor/Data/MonoBleedingEdge/lib/mono/unityjit'
Mono config path = 'D:/Unity Install/2020.2.6f1/Editor/Data/MonoBleedingEdge/etc'
Using monoOptions --debugger-agent=transport=dt_socket,embedding=1,server=y,suspend=n,address=127.0.0.1:56036
Begin MonoManager ReloadAssembly
Registering precompiled unity dll's ...
Register platform support module: D:/Unity Install/2020.2.6f1/Editor/Data/PlaybackEngines/WindowsStandaloneSupport/UnityEditor.WindowsStandalone.Extensions.dll
Registered in 0.001164 seconds.
Native extension for WindowsStandalone target not found
Refreshing native plugins compatible for Editor in 38.85 ms, found 1 plugins.
Preloading 0 native plugins for Editor in 0.00 ms.
Invoked RoslynAnalysisRunner static constructor.
RoslynAnalysisRunner will not be running.
RoslynAnalysisRunner has terminated.
Mono: successfully reloaded assembly
- Completed reload, in  2.564 seconds
Platform modules already initialized, skipping
Registering precompiled user dll's ...
Registered in 0.000788 seconds.
Begin MonoManager ReloadAssembly
Native extension for WindowsStandalone target not found
Refreshing native plugins compatible for Editor in 38.08 ms, found 1 plugins.
Preloading 0 native plugins for Editor in 0.00 ms.
Invoked RoslynAnalysisRunner static constructor.
RoslynAnalysisRunner will not be running.
RoslynAnalysisRunner has terminated.
Mono: successfully reloaded assembly
- Completed reload, in  0.852 seconds
Platform modules already initialized, skipping
========================================================================
Worker process is ready to serve import requests
Launched and connected shader compiler UnityShaderCompiler.exe after 0.08 seconds
Refreshing native plugins compatible for Editor in 0.38 ms, found 1 plugins.
Preloading 0 native plugins for Editor in 0.00 ms.
Unloading 1817 Unused Serialized files (Serialized files now loaded: 0)
System memory in use before: 86.5 MB.
System memory in use after: 86.6 MB.

Unloading 19 unused Assets to reduce memory usage. Loaded Objects now: 2265.
Total: 1.609600 ms (FindLiveObjects: 0.176500 ms CreateObjectMapping: 0.064100 ms MarkObjects: 1.312700 ms  DeleteObjects: 0.055300 ms)

========================================================================
Received Import Request.
  path: Assets/Scripts/LineController.cs
  artifactKey: Guid(8a3e6af2aeef5e64d80c0adec060cb64) Importer(815301076,1909f56bfc062723c751e8b465ee728b)
Start importing Assets/Scripts/LineController.cs using Guid(8a3e6af2aeef5e64d80c0adec060cb64) Importer(815301076,1909f56bfc062723c751e8b465ee728b)  -> (artifact id: '1b394adef188da9592275487431c8049') in 0.023170 seconds
  Import took 0.025401 seconds .

========================================================================
Received Import Request.
  Time since last request: 677.880644 seconds.
  path: Assets/Scripts/LineController.cs
  artifactKey: Guid(8a3e6af2aeef5e64d80c0adec060cb64) Importer(815301076,1909f56bfc062723c751e8b465ee728b)
Start importing Assets/Scripts/LineController.cs using Guid(8a3e6af2aeef5e64d80c0adec060cb64) Importer(815301076,1909f56bfc062723c751e8b465ee728b)  -> (artifact id: '5fb3094a8d7fbd715ee536f22c73feec') in 0.001577 seconds
  Import took 0.004153 seconds .

========================================================================
Received Import Request.
  Time since last request: 151.559723 seconds.
  path: Assets/Scripts/LineController.cs
  artifactKey: Guid(8a3e6af2aeef5e64d80c0adec060cb64) Importer(815301076,1909f56bfc062723c751e8b465ee728b)
Start importing Assets/Scripts/LineController.cs using Guid(8a3e6af2aeef5e64d80c0adec060cb64) Importer(815301076,1909f56bfc062723c751e8b465ee728b)  -> (artifact id: 'c8f63fbfd28396e30142a4aa4228b5dc') in 0.001566 seconds
  Import took 0.004234 seconds .

========================================================================
Received Import Request.
  Time since last request: 21.713007 seconds.
  path: Assets/Scripts/LineController.cs
  artifactKey: Guid(8a3e6af2aeef5e64d80c0adec060cb64) Importer(815301076,1909f56bfc062723c751e8b465ee728b)
Start importing Assets/Scripts/LineController.cs using Guid(8a3e6af2aeef5e64d80c0adec060cb64) Importer(815301076,1909f56bfc062723c751e8b465ee728b)  -> (artifact id: '97ab0213258cee068fccba3737923d8b') in 0.001962 seconds
  Import took 0.004286 seconds .

========================================================================
Received Import Request.
  Time since last request: 13.726630 seconds.
  path: Assets/Scripts/LineController.cs
  artifactKey: Guid(8a3e6af2aeef5e64d80c0adec060cb64) Importer(815301076,1909f56bfc062723c751e8b465ee728b)
Start importing Assets/Scripts/LineController.cs using Guid(8a3e6af2aeef5e64d80c0adec060cb64) Importer(815301076,1909f56bfc062723c751e8b465ee728b)  -> (artifact id: 'b54b76e951dd02882f65a5308551573d') in 0.001471 seconds
  Import took 0.003961 seconds .

========================================================================
Received Import Request.
  Time since last request: 14.237518 seconds.
  path: Assets/Scripts/LineController.cs
  artifactKey: Guid(8a3e6af2aeef5e64d80c0adec060cb64) Importer(815301076,1909f56bfc062723c751e8b465ee728b)
Start importing Assets/Scripts/LineController.cs using Guid(8a3e6af2aeef5e64d80c0adec060cb64) Importer(815301076,1909f56bfc062723c751e8b465ee728b)  -> (artifact id: '590eccdbf2c73d0e00250da115ef58bc') in 0.001526 seconds
  Import took 0.004516 seconds .

========================================================================
Received Prepare
Registering precompiled user dll's ...
Registered in 0.000719 seconds.
Begin MonoManager ReloadAssembly
Native extension for WindowsStandalone target not found
Refreshing native plugins compatible for Editor in 0.27 ms, found 1 plugins.
Preloading 0 native plugins for Editor in 0.00 ms.
Invoked RoslynAnalysisRunner static constructor.
RoslynAnalysisRunner will not be running.
RoslynAnalysisRunner has terminated.
Mono: successfully reloaded assembly
- Completed reload, in  0.703 seconds
Platform modules already initialized, skipping
Refreshing native plugins compatible for Editor in 0.27 ms, found 1 plugins.
Preloading 0 native plugins for Editor in 0.00 ms.
Unloading 1794 Unused Serialized files (Serialized files now loaded: 0)
System memory in use before: 85.1 MB.
System memory in use after: 85.2 MB.

Unloading 7 unused Assets to reduce memory usage. Loaded Objects now: 2268.
Total: 1.627400 ms (FindLiveObjects: 0.177600 ms CreateObjectMapping: 0.078000 ms MarkObjects: 1.346300 ms  DeleteObjects: 0.024000 ms)

========================================================================
Received Prepare
Registering precompiled user dll's ...
Registered in 0.000766 seconds.
Begin MonoManager ReloadAssembly
Native extension for WindowsStandalone target not found
Refreshing native plugins compatible for Editor in 0.27 ms, found 1 plugins.
Preloading 0 native plugins for Editor in 0.00 ms.
Invoked RoslynAnalysisRunner static constructor.
RoslynAnalysisRunner will not be running.
RoslynAnalysisRunner has terminated.
Mono: successfully reloaded assembly
- Completed reload, in  0.710 seconds
Platform modules already initialized, skipping
Refreshing native plugins compatible for Editor in 0.27 ms, found 1 plugins.
Preloading 0 native plugins for Editor in 0.00 ms.
Unloading 1794 Unused Serialized files (Serialized files now loaded: 0)
System memory in use before: 85.1 MB.
System memory in use after: 85.2 MB.

Unloading 7 unused Assets to reduce memory usage. Loaded Objects now: 2271.
Total: 1.328400 ms (FindLiveObjects: 0.124700 ms CreateObjectMapping: 0.046200 ms MarkObjects: 1.141300 ms  DeleteObjects: 0.015300 ms)

========================================================================
Received Import Request.
  Time since last request: 175.352363 seconds.
  path: Assets/Scripts/LineController.cs
  artifactKey: Guid(8a3e6af2aeef5e64d80c0adec060cb64) Importer(815301076,1909f56bfc062723c751e8b465ee728b)
Start importing Assets/Scripts/LineController.cs using Guid(8a3e6af2aeef5e64d80c0adec060cb64) Importer(815301076,1909f56bfc062723c751e8b465ee728b)  -> (artifact id: '4ce766ad9a5bcec6b343f37f1bbc32d5') in 0.003097 seconds
  Import took 0.005210 seconds .

========================================================================
Received Import Request.
  Time since last request: 0.819778 seconds.
  path: Assets/_Scenes/LevelSelector.unity
  artifactKey: Guid(bc8f0a7cd6731424b841e14029d3a884) Importer(815301076,1909f56bfc062723c751e8b465ee728b)
Start importing Assets/_Scenes/LevelSelector.unity using Guid(bc8f0a7cd6731424b841e14029d3a884) Importer(815301076,1909f56bfc062723c751e8b465ee728b)  -> (artifact id: '4713cde141d416a69b46d108af82dd7f') in 0.009305 seconds
  Import took 0.011410 seconds .

========================================================================
Received Prepare
Registering precompiled user dll's ...
Registered in 0.000804 seconds.
Begin MonoManager ReloadAssembly
Native extension for WindowsStandalone target not found
Refreshing native plugins compatible for Editor in 0.26 ms, found 1 plugins.
Preloading 0 native plugins for Editor in 0.00 ms.
Invoked RoslynAnalysisRunner static constructor.
RoslynAnalysisRunner will not be running.
RoslynAnalysisRunner has terminated.
Mono: successfully reloaded assembly
- Completed reload, in  0.696 seconds
Platform modules already initialized, skipping
Refreshing native plugins compatible for Editor in 0.28 ms, found 1 plugins.
Preloading 0 native plugins for Editor in 0.00 ms.
Unloading 1794 Unused Serialized files (Serialized files now loaded: 0)
System memory in use before: 85.1 MB.
System memory in use after: 85.2 MB.

Unloading 7 unused Assets to reduce memory usage. Loaded Objects now: 2274.
Total: 1.343000 ms (FindLiveObjects: 0.128600 ms CreateObjectMapping: 0.048200 ms MarkObjects: 1.151400 ms  DeleteObjects: 0.014000 ms)

========================================================================
Received Prepare
Registering precompiled user dll's ...
Registered in 0.000954 seconds.
Begin MonoManager ReloadAssembly
Native extension for WindowsStandalone target not found
Refreshing native plugins compatible for Editor in 0.28 ms, found 1 plugins.
Preloading 0 native plugins for Editor in 0.00 ms.
Invoked RoslynAnalysisRunner static constructor.
RoslynAnalysisRunner will not be running.
RoslynAnalysisRunner has terminated.
Mono: successfully reloaded assembly
- Completed reload, in  0.795 seconds
Platform modules already initialized, skipping
Refreshing native plugins compatible for Editor in 0.27 ms, found 1 plugins.
Preloading 0 native plugins for Editor in 0.00 ms.
Unloading 1794 Unused Serialized files (Serialized files now loaded: 0)
System memory in use before: 85.1 MB.
System memory in use after: 85.3 MB.

Unloading 7 unused Assets to reduce memory usage. Loaded Objects now: 2277.
Total: 1.604100 ms (FindLiveObjects: 0.175700 ms CreateObjectMapping: 0.066600 ms MarkObjects: 1.342100 ms  DeleteObjects: 0.018300 ms)

========================================================================
Received Prepare
Registering precompiled user dll's ...
Registered in 0.000750 seconds.
Begin MonoManager ReloadAssembly
Native extension for WindowsStandalone target not found
Refreshing native plugins compatible for Editor in 0.27 ms, found 1 plugins.
Preloading 0 native plugins for Editor in 0.00 ms.
Invoked RoslynAnalysisRunner static constructor.
RoslynAnalysisRunner will not be running.
RoslynAnalysisRunner has terminated.
Mono: successfully reloaded assembly
- Completed reload, in  0.692 seconds
Platform modules already initialized, skipping
Refreshing native plugins compatible for Editor in 0.31 ms, found 1 plugins.
Preloading 0 native plugins for Editor in 0.00 ms.
Unloading 1794 Unused Serialized files (Serialized files now loaded: 0)
System memory in use before: 85.2 MB.
System memory in use after: 85.3 MB.

Unloading 7 unused Assets to reduce memory usage. Loaded Objects now: 2280.
Total: 1.570200 ms (FindLiveObjects: 0.148300 ms CreateObjectMapping: 0.058100 ms MarkObjects: 1.348700 ms  DeleteObjects: 0.013700 ms)

========================================================================
Received Prepare
Registering precompiled user dll's ...
Registered in 0.000754 seconds.
Begin MonoManager ReloadAssembly
Native extension for WindowsStandalone target not found
Refreshing native plugins compatible for Editor in 0.28 ms, found 1 plugins.
Preloading 0 native plugins for Editor in 0.00 ms.
Invoked RoslynAnalysisRunner static constructor.
RoslynAnalysisRunner will not be running.
RoslynAnalysisRunner has terminated.
Mono: successfully reloaded assembly
- Completed reload, in  0.720 seconds
Platform modules already initialized, skipping
Refreshing native plugins compatible for Editor in 0.27 ms, found 1 plugins.
Preloading 0 native plugins for Editor in 0.00 ms.
Unloading 1794 Unused Serialized files (Serialized files now loaded: 0)
System memory in use before: 85.2 MB.
System memory in use after: 85.3 MB.

Unloading 7 unused Assets to reduce memory usage. Loaded Objects now: 2283.
Total: 1.557300 ms (FindLiveObjects: 0.142700 ms CreateObjectMapping: 0.057700 ms MarkObjects: 1.340200 ms  DeleteObjects: 0.015300 ms)

========================================================================
Received Prepare
Registering precompiled user dll's ...
Registered in 0.000736 seconds.
Begin MonoManager ReloadAssembly
Native extension for WindowsStandalone target not found
Refreshing native plugins compatible for Editor in 0.26 ms, found 1 plugins.
Preloading 0 native plugins for Editor in 0.00 ms.
Invoked RoslynAnalysisRunner static constructor.
RoslynAnalysisRunner will not be running.
RoslynAnalysisRunner has terminated.
Mono: successfully reloaded assembly
- Completed reload, in  0.682 seconds
Platform modules already initialized, skipping
Refreshing native plugins compatible for Editor in 0.27 ms, found 1 plugins.
Preloading 0 native plugins for Editor in 0.00 ms.
Unloading 1794 Unused Serialized files (Serialized files now loaded: 0)
System memory in use before: 85.2 MB.
System memory in use after: 85.3 MB.

Unloading 7 unused Assets to reduce memory usage. Loaded Objects now: 2286.
Total: 1.390100 ms (FindLiveObjects: 0.138800 ms CreateObjectMapping: 0.048800 ms MarkObjects: 1.186400 ms  DeleteObjects: 0.015300 ms)

========================================================================
Received Prepare
Registering precompiled user dll's ...
Registered in 0.000791 seconds.
Begin MonoManager ReloadAssembly
Native extension for WindowsStandalone target not found
Refreshing native plugins compatible for Editor in 0.27 ms, found 1 plugins.
Preloading 0 native plugins for Editor in 0.00 ms.
Invoked RoslynAnalysisRunner static constructor.
RoslynAnalysisRunner will not be running.
RoslynAnalysisRunner has terminated.
Mono: successfully reloaded assembly
- Completed reload, in  0.729 seconds
Platform modules already initialized, skipping
Refreshing native plugins compatible for Editor in 0.27 ms, found 1 plugins.
Preloading 0 native plugins for Editor in 0.00 ms.
Unloading 1794 Unused Serialized files (Serialized files now loaded: 0)
System memory in use before: 85.2 MB.
System memory in use after: 85.3 MB.

Unloading 7 unused Assets to reduce memory usage. Loaded Objects now: 2289.
Total: 1.436600 ms (FindLiveObjects: 0.138800 ms CreateObjectMapping: 0.055100 ms MarkObjects: 1.227000 ms  DeleteObjects: 0.015000 ms)

========================================================================
Received Prepare
Registering precompiled user dll's ...
Registered in 0.000809 seconds.
Begin MonoManager ReloadAssembly
Native extension for WindowsStandalone target not found
Refreshing native plugins compatible for Editor in 0.26 ms, found 1 plugins.
Preloading 0 native plugins for Editor in 0.00 ms.
Invoked RoslynAnalysisRunner static constructor.
RoslynAnalysisRunner will not be running.
RoslynAnalysisRunner has terminated.
Mono: successfully reloaded assembly
- Completed reload, in  0.699 seconds
Platform modules already initialized, skipping
Refreshing native plugins compatible for Editor in 0.26 ms, found 1 plugins.
Preloading 0 native plugins for Editor in 0.00 ms.
Unloading 1794 Unused Serialized files (Serialized files now loaded: 0)
System memory in use before: 85.2 MB.
System memory in use after: 85.3 MB.

Unloading 7 unused Assets to reduce memory usage. Loaded Objects now: 2292.
Total: 1.390100 ms (FindLiveObjects: 0.144900 ms CreateObjectMapping: 0.054600 ms MarkObjects: 1.178900 ms  DeleteObjects: 0.011000 ms)

========================================================================
Received Prepare
Registering precompiled user dll's ...
Registered in 0.000737 seconds.
Begin MonoManager ReloadAssembly
Native extension for WindowsStandalone target not found
Refreshing native plugins compatible for Editor in 0.27 ms, found 1 plugins.
Preloading 0 native plugins for Editor in 0.00 ms.
Invoked RoslynAnalysisRunner static constructor.
RoslynAnalysisRunner will not be running.
RoslynAnalysisRunner has terminated.
Mono: successfully reloaded assembly
- Completed reload, in  0.689 seconds
Platform modules already initialized, skipping
Refreshing native plugins compatible for Editor in 0.28 ms, found 1 plugins.
Preloading 0 native plugins for Editor in 0.00 ms.
Unloading 1794 Unused Serialized files (Serialized files now loaded: 0)
System memory in use before: 85.2 MB.
System memory in use after: 85.3 MB.

Unloading 7 unused Assets to reduce memory usage. Loaded Objects now: 2295.
Total: 1.474700 ms (FindLiveObjects: 0.144100 ms CreateObjectMapping: 0.056700 ms MarkObjects: 1.257500 ms  DeleteObjects: 0.015600 ms)

========================================================================
Received Prepare
Registering precompiled user dll's ...
Registered in 0.000797 seconds.
Begin MonoManager ReloadAssembly
Native extension for WindowsStandalone target not found
Refreshing native plugins compatible for Editor in 0.26 ms, found 1 plugins.
Preloading 0 native plugins for Editor in 0.00 ms.
Invoked RoslynAnalysisRunner static constructor.
RoslynAnalysisRunner will not be running.
RoslynAnalysisRunner has terminated.
Mono: successfully reloaded assembly
- Completed reload, in  0.684 seconds
Platform modules already initialized, skipping
Refreshing native plugins compatible for Editor in 0.26 ms, found 1 plugins.
Preloading 0 native plugins for Editor in 0.00 ms.
Unloading 1794 Unused Serialized files (Serialized files now loaded: 0)
System memory in use before: 85.2 MB.
System memory in use after: 85.3 MB.

Unloading 7 unused Assets to reduce memory usage. Loaded Objects now: 2298.
Total: 1.466200 ms (FindLiveObjects: 0.157400 ms CreateObjectMapping: 0.064900 ms MarkObjects: 1.231900 ms  DeleteObjects: 0.010800 ms)

========================================================================
Received Prepare
Registering precompiled user dll's ...
Registered in 0.000776 seconds.
Begin MonoManager ReloadAssembly
Native extension for WindowsStandalone target not found
Refreshing native plugins compatible for Editor in 0.50 ms, found 1 plugins.
Preloading 0 native plugins for Editor in 0.00 ms.
Invoked RoslynAnalysisRunner static constructor.
RoslynAnalysisRunner will not be running.
RoslynAnalysisRunner has terminated.
Mono: successfully reloaded assembly
- Completed reload, in  0.699 seconds
Platform modules already initialized, skipping
Refreshing native plugins compatible for Editor in 0.26 ms, found 1 plugins.
Preloading 0 native plugins for Editor in 0.00 ms.
Unloading 1794 Unused Serialized files (Serialized files now loaded: 0)
System memory in use before: 85.2 MB.
System memory in use after: 85.3 MB.

Unloading 7 unused Assets to reduce memory usage. Loaded Objects now: 2301.
Total: 1.407800 ms (FindLiveObjects: 0.151800 ms CreateObjectMapping: 0.057500 ms MarkObjects: 1.181100 ms  DeleteObjects: 0.016400 ms)

========================================================================
Received Import Request.
  Time since last request: 2389.682274 seconds.
  path: Assets/Scripts/GameManager.cs
  artifactKey: Guid(7c7399d5830be3f4a9334d2cc8936495) Importer(815301076,1909f56bfc062723c751e8b465ee728b)
Start importing Assets/Scripts/GameManager.cs using Guid(7c7399d5830be3f4a9334d2cc8936495) Importer(815301076,1909f56bfc062723c751e8b465ee728b)  -> (artifact id: '63199dde8aa87a425afd4da273a274b2') in 0.049515 seconds
  Import took 0.051662 seconds .

========================================================================
Received Import Request.
  Time since last request: 39.755352 seconds.
  path: Assets/Scripts/DotController.cs
  artifactKey: Guid(2b15fa12818aff24084ad028c853b526) Importer(815301076,1909f56bfc062723c751e8b465ee728b)
Start importing Assets/Scripts/DotController.cs using Guid(2b15fa12818aff24084ad028c853b526) Importer(815301076,1909f56bfc062723c751e8b465ee728b)  -> (artifact id: '0bf776b033b4af18968b64779021742e') in 0.001469 seconds
  Import took 0.003594 seconds .

========================================================================
Received Import Request.
  Time since last request: 0.001678 seconds.
  path: Assets/Scripts/DotController.cs
  artifactKey: Guid(2b15fa12818aff24084ad028c853b526) Importer(815301076,1909f56bfc062723c751e8b465ee728b)
Start importing Assets/Scripts/DotController.cs using Guid(2b15fa12818aff24084ad028c853b526) Importer(815301076,1909f56bfc062723c751e8b465ee728b)  -> (artifact id: '0bf776b033b4af18968b64779021742e') in 0.001847 seconds
  Import took 0.003961 seconds .

========================================================================
Received Import Request.
  Time since last request: 302.143694 seconds.
  path: Assets/Scripts
  artifactKey: Guid(d627646af10c0304c9c1f51fa6b063f9) Importer(815301076,1909f56bfc062723c751e8b465ee728b)
Start importing Assets/Scripts using Guid(d627646af10c0304c9c1f51fa6b063f9) Importer(815301076,1909f56bfc062723c751e8b465ee728b)  -> (artifact id: '8425ecf83b4b010d06826fc06930bed0') in 0.001996 seconds
  Import took 0.004655 seconds .

========================================================================
Received Import Request.
  Time since last request: 0.000174 seconds.
  path: Assets/Scripts
  artifactKey: Guid(d627646af10c0304c9c1f51fa6b063f9) Importer(815301076,1909f56bfc062723c751e8b465ee728b)
Start importing Assets/Scripts using Guid(d627646af10c0304c9c1f51fa6b063f9) Importer(815301076,1909f56bfc062723c751e8b465ee728b)  -> (artifact id: '8425ecf83b4b010d06826fc06930bed0') in 0.001493 seconds
  Import took 0.003581 seconds .

